<?xml version="1.0" encoding="UTF-8"?>
<robot generator="Robot 4.1.2 (Python 3.10.0 on darwin)" generated="20220324 21:08:21.899" rpa="false" schemaversion="2">
<suite id="s1" name="Todo" source="/Users/kwangncp/Documents/GitHub/Todolist/Todo.robot">
<test id="s1-t1" name="TC1 - completed task - successful">
<kw name="Open_Todo_Website">
<kw name="Open Browser" library="SeleniumLibrary">
<arg>${URL}</arg>
<arg>${BROWSER}</arg>
<doc>Opens a new browser instance to the optional ``url``.</doc>
<msg timestamp="20220324 21:08:21.981" level="INFO">Opening browser 'safari' to base url 'https://abhigyank.github.io/To-Do-List/'.</msg>
<status status="PASS" starttime="20220324 21:08:21.981" endtime="20220324 21:08:24.991"/>
</kw>
<kw name="Sleep" library="BuiltIn">
<arg>2</arg>
<doc>Pauses the test executed for the given time.</doc>
<msg timestamp="20220324 21:08:26.994" level="INFO">Slept 2 seconds</msg>
<status status="PASS" starttime="20220324 21:08:24.992" endtime="20220324 21:08:26.994"/>
</kw>
<kw name="Wait Until Page Contains Element" library="SeleniumLibrary">
<arg>${PATH_element_ToDoList}</arg>
<doc>Waits until the element ``locator`` appears on the current page.</doc>
<status status="PASS" starttime="20220324 21:08:26.994" endtime="20220324 21:08:27.005"/>
</kw>
<kw name="Page Should Contain Element" library="SeleniumLibrary">
<arg>${PATH_element_ToDoList}</arg>
<doc>Verifies that element ``locator`` is found on the current page.</doc>
<msg timestamp="20220324 21:08:27.008" level="INFO">Current page contains element '//div[@class="container"]/h1'.</msg>
<status status="PASS" starttime="20220324 21:08:27.005" endtime="20220324 21:08:27.008"/>
</kw>
<status status="PASS" starttime="20220324 21:08:21.981" endtime="20220324 21:08:27.008"/>
</kw>
<kw name="Add_Note_Complete">
<kw name="Input Text" library="SeleniumLibrary">
<arg>id=new-task</arg>
<arg>${NOTE01}</arg>
<doc>Types the given ``text`` into the text field identified by ``locator``.</doc>
<msg timestamp="20220324 21:08:27.009" level="INFO">Typing text 'Test_01' into text field 'id=new-task'.</msg>
<status status="PASS" starttime="20220324 21:08:27.009" endtime="20220324 21:08:27.060"/>
</kw>
<kw name="Sleep" library="BuiltIn">
<arg>2</arg>
<doc>Pauses the test executed for the given time.</doc>
<msg timestamp="20220324 21:08:29.063" level="INFO">Slept 2 seconds</msg>
<status status="PASS" starttime="20220324 21:08:27.061" endtime="20220324 21:08:29.064"/>
</kw>
<kw name="Click Element" library="SeleniumLibrary">
<arg>class=material-icons</arg>
<doc>Click the element identified by ``locator``.</doc>
<msg timestamp="20220324 21:08:29.066" level="INFO">Clicking element 'class=material-icons'.</msg>
<status status="PASS" starttime="20220324 21:08:29.065" endtime="20220324 21:08:29.113"/>
</kw>
<kw name="Input Text" library="SeleniumLibrary">
<arg>id=new-task</arg>
<arg>${NOTE02}</arg>
<doc>Types the given ``text`` into the text field identified by ``locator``.</doc>
<msg timestamp="20220324 21:08:29.114" level="INFO">Typing text 'Test_02' into text field 'id=new-task'.</msg>
<status status="PASS" starttime="20220324 21:08:29.113" endtime="20220324 21:08:29.158"/>
</kw>
<kw name="Sleep" library="BuiltIn">
<arg>2</arg>
<doc>Pauses the test executed for the given time.</doc>
<msg timestamp="20220324 21:08:31.160" level="INFO">Slept 2 seconds</msg>
<status status="PASS" starttime="20220324 21:08:29.159" endtime="20220324 21:08:31.161"/>
</kw>
<kw name="Click Element" library="SeleniumLibrary">
<arg>class=material-icons</arg>
<doc>Click the element identified by ``locator``.</doc>
<msg timestamp="20220324 21:08:31.163" level="INFO">Clicking element 'class=material-icons'.</msg>
<status status="PASS" starttime="20220324 21:08:31.162" endtime="20220324 21:08:31.203"/>
</kw>
<status status="PASS" starttime="20220324 21:08:27.009" endtime="20220324 21:08:31.203"/>
</kw>
<kw name="Visit_ToDo_Task_page">
<kw name="Click Element" library="SeleniumLibrary">
<arg>${PATH_Todo}</arg>
<doc>Click the element identified by ``locator``.</doc>
<msg timestamp="20220324 21:08:31.205" level="INFO">Clicking element '//div[@class="mdl-tabs__tab-bar"]//a[@href="#todo"]//span[@class="mdl-tabs__ripple-container mdl-js-ripple-effect"]'.</msg>
<status status="PASS" starttime="20220324 21:08:31.205" endtime="20220324 21:08:31.236"/>
</kw>
<kw name="Sleep" library="BuiltIn">
<arg>4</arg>
<doc>Pauses the test executed for the given time.</doc>
<msg timestamp="20220324 21:08:35.239" level="INFO">Slept 4 seconds</msg>
<status status="PASS" starttime="20220324 21:08:31.237" endtime="20220324 21:08:35.240"/>
</kw>
<status status="PASS" starttime="20220324 21:08:31.204" endtime="20220324 21:08:35.241"/>
</kw>
<kw name="Mark_CheckBox_Complete">
<kw name="Click Element" library="SeleniumLibrary">
<arg>${PATH_element_checkbox}</arg>
<doc>Click the element identified by ``locator``.</doc>
<msg timestamp="20220324 21:08:35.243" level="INFO">Clicking element '//div[@id="todo"]/ul[@id="incomplete-tasks"]/li/label[@for="1"]/span[@class="mdl-checkbox__ripple-container mdl-js-ripple-effect mdl-ripple--center"]'.</msg>
<status status="PASS" starttime="20220324 21:08:35.242" endtime="20220324 21:08:35.291"/>
</kw>
<kw name="Sleep" library="BuiltIn">
<arg>4</arg>
<doc>Pauses the test executed for the given time.</doc>
<msg timestamp="20220324 21:08:39.294" level="INFO">Slept 4 seconds</msg>
<status status="PASS" starttime="20220324 21:08:35.292" endtime="20220324 21:08:39.295"/>
</kw>
<status status="PASS" starttime="20220324 21:08:35.241" endtime="20220324 21:08:39.295"/>
</kw>
<kw name="Visit_Complete_Task_page">
<kw name="Click Element" library="SeleniumLibrary">
<arg>${PATH_Completed}</arg>
<doc>Click the element identified by ``locator``.</doc>
<msg timestamp="20220324 21:08:39.298" level="INFO">Clicking element '//div[@class="mdl-tabs__tab-bar"]//a[@href="#completed"]//span[@class="mdl-tabs__ripple-container mdl-js-ripple-effect"]'.</msg>
<status status="PASS" starttime="20220324 21:08:39.297" endtime="20220324 21:08:39.345"/>
</kw>
<kw name="Sleep" library="BuiltIn">
<arg>4</arg>
<doc>Pauses the test executed for the given time.</doc>
<msg timestamp="20220324 21:08:43.347" level="INFO">Slept 4 seconds</msg>
<status status="PASS" starttime="20220324 21:08:39.346" endtime="20220324 21:08:43.348"/>
</kw>
<status status="PASS" starttime="20220324 21:08:39.296" endtime="20220324 21:08:43.349"/>
</kw>
<kw name="Investigate_Element_Complete_Task">
<kw name="Wait Until Page Contains Element" library="SeleniumLibrary">
<arg>${PATH_element_Completed}</arg>
<doc>Waits until the element ``locator`` appears on the current page.</doc>
<status status="PASS" starttime="20220324 21:08:43.351" endtime="20220324 21:08:43.366"/>
</kw>
<status status="PASS" starttime="20220324 21:08:43.350" endtime="20220324 21:08:43.366"/>
</kw>
<kw name="Close Browser" library="SeleniumLibrary">
<doc>Closes the current browser.</doc>
<status status="PASS" starttime="20220324 21:08:43.366" endtime="20220324 21:08:43.588"/>
</kw>
<status status="PASS" starttime="20220324 21:08:21.980" endtime="20220324 21:08:43.588"/>
</test>
<test id="s1-t2" name="TC2 - deleted task - successful">
<kw name="Open_Todo_Website">
<kw name="Open Browser" library="SeleniumLibrary">
<arg>${URL}</arg>
<arg>${BROWSER}</arg>
<doc>Opens a new browser instance to the optional ``url``.</doc>
<msg timestamp="20220324 21:08:43.589" level="INFO">Opening browser 'safari' to base url 'https://abhigyank.github.io/To-Do-List/'.</msg>
<status status="PASS" starttime="20220324 21:08:43.589" endtime="20220324 21:08:46.357"/>
</kw>
<kw name="Sleep" library="BuiltIn">
<arg>2</arg>
<doc>Pauses the test executed for the given time.</doc>
<msg timestamp="20220324 21:08:48.361" level="INFO">Slept 2 seconds</msg>
<status status="PASS" starttime="20220324 21:08:46.358" endtime="20220324 21:08:48.361"/>
</kw>
<kw name="Wait Until Page Contains Element" library="SeleniumLibrary">
<arg>${PATH_element_ToDoList}</arg>
<doc>Waits until the element ``locator`` appears on the current page.</doc>
<status status="PASS" starttime="20220324 21:08:48.362" endtime="20220324 21:08:48.383"/>
</kw>
<kw name="Page Should Contain Element" library="SeleniumLibrary">
<arg>${PATH_element_ToDoList}</arg>
<doc>Verifies that element ``locator`` is found on the current page.</doc>
<msg timestamp="20220324 21:08:48.391" level="INFO">Current page contains element '//div[@class="container"]/h1'.</msg>
<status status="PASS" starttime="20220324 21:08:48.384" endtime="20220324 21:08:48.391"/>
</kw>
<status status="PASS" starttime="20220324 21:08:43.589" endtime="20220324 21:08:48.392"/>
</kw>
<kw name="Add_Note_Complete">
<kw name="Input Text" library="SeleniumLibrary">
<arg>id=new-task</arg>
<arg>${NOTE01}</arg>
<doc>Types the given ``text`` into the text field identified by ``locator``.</doc>
<msg timestamp="20220324 21:08:48.393" level="INFO">Typing text 'Test_01' into text field 'id=new-task'.</msg>
<status status="PASS" starttime="20220324 21:08:48.393" endtime="20220324 21:08:48.446"/>
</kw>
<kw name="Sleep" library="BuiltIn">
<arg>2</arg>
<doc>Pauses the test executed for the given time.</doc>
<msg timestamp="20220324 21:08:50.448" level="INFO">Slept 2 seconds</msg>
<status status="PASS" starttime="20220324 21:08:48.446" endtime="20220324 21:08:50.448"/>
</kw>
<kw name="Click Element" library="SeleniumLibrary">
<arg>class=material-icons</arg>
<doc>Click the element identified by ``locator``.</doc>
<msg timestamp="20220324 21:08:50.450" level="INFO">Clicking element 'class=material-icons'.</msg>
<status status="PASS" starttime="20220324 21:08:50.449" endtime="20220324 21:08:50.500"/>
</kw>
<kw name="Input Text" library="SeleniumLibrary">
<arg>id=new-task</arg>
<arg>${NOTE02}</arg>
<doc>Types the given ``text`` into the text field identified by ``locator``.</doc>
<msg timestamp="20220324 21:08:50.501" level="INFO">Typing text 'Test_02' into text field 'id=new-task'.</msg>
<status status="PASS" starttime="20220324 21:08:50.500" endtime="20220324 21:08:50.541"/>
</kw>
<kw name="Sleep" library="BuiltIn">
<arg>2</arg>
<doc>Pauses the test executed for the given time.</doc>
<msg timestamp="20220324 21:08:52.543" level="INFO">Slept 2 seconds</msg>
<status status="PASS" starttime="20220324 21:08:50.541" endtime="20220324 21:08:52.544"/>
</kw>
<kw name="Click Element" library="SeleniumLibrary">
<arg>class=material-icons</arg>
<doc>Click the element identified by ``locator``.</doc>
<msg timestamp="20220324 21:08:52.546" level="INFO">Clicking element 'class=material-icons'.</msg>
<status status="PASS" starttime="20220324 21:08:52.545" endtime="20220324 21:08:52.578"/>
</kw>
<status status="PASS" starttime="20220324 21:08:48.392" endtime="20220324 21:08:52.579"/>
</kw>
<kw name="Visit_ToDo_Task_page">
<kw name="Click Element" library="SeleniumLibrary">
<arg>${PATH_Todo}</arg>
<doc>Click the element identified by ``locator``.</doc>
<msg timestamp="20220324 21:08:52.581" level="INFO">Clicking element '//div[@class="mdl-tabs__tab-bar"]//a[@href="#todo"]//span[@class="mdl-tabs__ripple-container mdl-js-ripple-effect"]'.</msg>
<status status="PASS" starttime="20220324 21:08:52.580" endtime="20220324 21:08:52.630"/>
</kw>
<kw name="Sleep" library="BuiltIn">
<arg>4</arg>
<doc>Pauses the test executed for the given time.</doc>
<msg timestamp="20220324 21:08:56.632" level="INFO">Slept 4 seconds</msg>
<status status="PASS" starttime="20220324 21:08:52.631" endtime="20220324 21:08:56.633"/>
</kw>
<status status="PASS" starttime="20220324 21:08:52.579" endtime="20220324 21:08:56.634"/>
</kw>
<kw name="Mark_Delete_Button_Complete">
<kw name="Click Element" library="SeleniumLibrary">
<arg>${PATH_Delete_Task_01}</arg>
<doc>Click the element identified by ``locator``.</doc>
<msg timestamp="20220324 21:08:56.636" level="INFO">Clicking element '//div[@id="todo"]/ul[@id="incomplete-tasks"]/li/button[@id="1"]'.</msg>
<status status="PASS" starttime="20220324 21:08:56.635" endtime="20220324 21:08:56.711"/>
</kw>
<status status="PASS" starttime="20220324 21:08:56.634" endtime="20220324 21:08:56.711"/>
</kw>
<kw name="Visit_Complete_Task_page">
<kw name="Click Element" library="SeleniumLibrary">
<arg>${PATH_Completed}</arg>
<doc>Click the element identified by ``locator``.</doc>
<msg timestamp="20220324 21:08:56.713" level="INFO">Clicking element '//div[@class="mdl-tabs__tab-bar"]//a[@href="#completed"]//span[@class="mdl-tabs__ripple-container mdl-js-ripple-effect"]'.</msg>
<status status="PASS" starttime="20220324 21:08:56.712" endtime="20220324 21:08:56.745"/>
</kw>
<kw name="Sleep" library="BuiltIn">
<arg>4</arg>
<doc>Pauses the test executed for the given time.</doc>
<msg timestamp="20220324 21:09:00.747" level="INFO">Slept 4 seconds</msg>
<status status="PASS" starttime="20220324 21:08:56.745" endtime="20220324 21:09:00.747"/>
</kw>
<status status="PASS" starttime="20220324 21:08:56.712" endtime="20220324 21:09:00.748"/>
</kw>
<kw name="Close Browser" library="SeleniumLibrary">
<doc>Closes the current browser.</doc>
<status status="PASS" starttime="20220324 21:09:00.749" endtime="20220324 21:09:00.981"/>
</kw>
<status status="PASS" starttime="20220324 21:08:43.588" endtime="20220324 21:09:00.981"/>
</test>
<test id="s1-t3" name="TC3 - deleted completed task - successful">
<kw name="Open_Todo_Website">
<kw name="Open Browser" library="SeleniumLibrary">
<arg>${URL}</arg>
<arg>${BROWSER}</arg>
<doc>Opens a new browser instance to the optional ``url``.</doc>
<msg timestamp="20220324 21:09:00.982" level="INFO">Opening browser 'safari' to base url 'https://abhigyank.github.io/To-Do-List/'.</msg>
<status status="PASS" starttime="20220324 21:09:00.982" endtime="20220324 21:09:03.702"/>
</kw>
<kw name="Sleep" library="BuiltIn">
<arg>2</arg>
<doc>Pauses the test executed for the given time.</doc>
<msg timestamp="20220324 21:09:05.706" level="INFO">Slept 2 seconds</msg>
<status status="PASS" starttime="20220324 21:09:03.703" endtime="20220324 21:09:05.707"/>
</kw>
<kw name="Wait Until Page Contains Element" library="SeleniumLibrary">
<arg>${PATH_element_ToDoList}</arg>
<doc>Waits until the element ``locator`` appears on the current page.</doc>
<status status="PASS" starttime="20220324 21:09:05.708" endtime="20220324 21:09:05.730"/>
</kw>
<kw name="Page Should Contain Element" library="SeleniumLibrary">
<arg>${PATH_element_ToDoList}</arg>
<doc>Verifies that element ``locator`` is found on the current page.</doc>
<msg timestamp="20220324 21:09:05.735" level="INFO">Current page contains element '//div[@class="container"]/h1'.</msg>
<status status="PASS" starttime="20220324 21:09:05.730" endtime="20220324 21:09:05.735"/>
</kw>
<status status="PASS" starttime="20220324 21:09:00.982" endtime="20220324 21:09:05.736"/>
</kw>
<kw name="Add_Note_Complete">
<kw name="Input Text" library="SeleniumLibrary">
<arg>id=new-task</arg>
<arg>${NOTE01}</arg>
<doc>Types the given ``text`` into the text field identified by ``locator``.</doc>
<msg timestamp="20220324 21:09:05.737" level="INFO">Typing text 'Test_01' into text field 'id=new-task'.</msg>
<status status="PASS" starttime="20220324 21:09:05.737" endtime="20220324 21:09:05.796"/>
</kw>
<kw name="Sleep" library="BuiltIn">
<arg>2</arg>
<doc>Pauses the test executed for the given time.</doc>
<msg timestamp="20220324 21:09:07.799" level="INFO">Slept 2 seconds</msg>
<status status="PASS" starttime="20220324 21:09:05.796" endtime="20220324 21:09:07.799"/>
</kw>
<kw name="Click Element" library="SeleniumLibrary">
<arg>class=material-icons</arg>
<doc>Click the element identified by ``locator``.</doc>
<msg timestamp="20220324 21:09:07.801" level="INFO">Clicking element 'class=material-icons'.</msg>
<status status="PASS" starttime="20220324 21:09:07.800" endtime="20220324 21:09:07.836"/>
</kw>
<kw name="Input Text" library="SeleniumLibrary">
<arg>id=new-task</arg>
<arg>${NOTE02}</arg>
<doc>Types the given ``text`` into the text field identified by ``locator``.</doc>
<msg timestamp="20220324 21:09:07.837" level="INFO">Typing text 'Test_02' into text field 'id=new-task'.</msg>
<status status="PASS" starttime="20220324 21:09:07.836" endtime="20220324 21:09:07.874"/>
</kw>
<kw name="Sleep" library="BuiltIn">
<arg>2</arg>
<doc>Pauses the test executed for the given time.</doc>
<msg timestamp="20220324 21:09:09.877" level="INFO">Slept 2 seconds</msg>
<status status="PASS" starttime="20220324 21:09:07.874" endtime="20220324 21:09:09.877"/>
</kw>
<kw name="Click Element" library="SeleniumLibrary">
<arg>class=material-icons</arg>
<doc>Click the element identified by ``locator``.</doc>
<msg timestamp="20220324 21:09:09.880" level="INFO">Clicking element 'class=material-icons'.</msg>
<status status="PASS" starttime="20220324 21:09:09.878" endtime="20220324 21:09:09.919"/>
</kw>
<status status="PASS" starttime="20220324 21:09:05.736" endtime="20220324 21:09:09.920"/>
</kw>
<kw name="Visit_ToDo_Task_page">
<kw name="Click Element" library="SeleniumLibrary">
<arg>${PATH_Todo}</arg>
<doc>Click the element identified by ``locator``.</doc>
<msg timestamp="20220324 21:09:09.922" level="INFO">Clicking element '//div[@class="mdl-tabs__tab-bar"]//a[@href="#todo"]//span[@class="mdl-tabs__ripple-container mdl-js-ripple-effect"]'.</msg>
<status status="PASS" starttime="20220324 21:09:09.921" endtime="20220324 21:09:09.960"/>
</kw>
<kw name="Sleep" library="BuiltIn">
<arg>4</arg>
<doc>Pauses the test executed for the given time.</doc>
<msg timestamp="20220324 21:09:13.963" level="INFO">Slept 4 seconds</msg>
<status status="PASS" starttime="20220324 21:09:09.961" endtime="20220324 21:09:13.964"/>
</kw>
<status status="PASS" starttime="20220324 21:09:09.920" endtime="20220324 21:09:13.965"/>
</kw>
<kw name="Mark_CheckBox_Complete">
<kw name="Click Element" library="SeleniumLibrary">
<arg>${PATH_element_checkbox}</arg>
<doc>Click the element identified by ``locator``.</doc>
<msg timestamp="20220324 21:09:13.968" level="INFO">Clicking element '//div[@id="todo"]/ul[@id="incomplete-tasks"]/li/label[@for="1"]/span[@class="mdl-checkbox__ripple-container mdl-js-ripple-effect mdl-ripple--center"]'.</msg>
<status status="PASS" starttime="20220324 21:09:13.967" endtime="20220324 21:09:14.015"/>
</kw>
<kw name="Sleep" library="BuiltIn">
<arg>4</arg>
<doc>Pauses the test executed for the given time.</doc>
<msg timestamp="20220324 21:09:18.018" level="INFO">Slept 4 seconds</msg>
<status status="PASS" starttime="20220324 21:09:14.016" endtime="20220324 21:09:18.018"/>
</kw>
<status status="PASS" starttime="20220324 21:09:13.966" endtime="20220324 21:09:18.019"/>
</kw>
<kw name="Visit_Complete_Task_page">
<kw name="Click Element" library="SeleniumLibrary">
<arg>${PATH_Completed}</arg>
<doc>Click the element identified by ``locator``.</doc>
<msg timestamp="20220324 21:09:18.022" level="INFO">Clicking element '//div[@class="mdl-tabs__tab-bar"]//a[@href="#completed"]//span[@class="mdl-tabs__ripple-container mdl-js-ripple-effect"]'.</msg>
<status status="PASS" starttime="20220324 21:09:18.021" endtime="20220324 21:09:18.082"/>
</kw>
<kw name="Sleep" library="BuiltIn">
<arg>4</arg>
<doc>Pauses the test executed for the given time.</doc>
<msg timestamp="20220324 21:09:22.083" level="INFO">Slept 4 seconds</msg>
<status status="PASS" starttime="20220324 21:09:18.082" endtime="20220324 21:09:22.083"/>
</kw>
<status status="PASS" starttime="20220324 21:09:18.020" endtime="20220324 21:09:22.084"/>
</kw>
<kw name="Investigate_Element_Complete_Task">
<kw name="Wait Until Page Contains Element" library="SeleniumLibrary">
<arg>${PATH_element_Completed}</arg>
<doc>Waits until the element ``locator`` appears on the current page.</doc>
<status status="PASS" starttime="20220324 21:09:22.084" endtime="20220324 21:09:22.091"/>
</kw>
<status status="PASS" starttime="20220324 21:09:22.084" endtime="20220324 21:09:22.091"/>
</kw>
<kw name="Deleted_completed_Task">
<kw name="Click Element" library="SeleniumLibrary">
<arg>${PATH_delete_completed_task}</arg>
<doc>Click the element identified by ``locator``.</doc>
<msg timestamp="20220324 21:09:22.092" level="INFO">Clicking element '//div[@id="completed"]/ul[@id="completed-tasks"]/li[@class="mdl-list"]/button[@id="1"]/span[@class="mdl-button__ripple-container"]'.</msg>
<status status="PASS" starttime="20220324 21:09:22.091" endtime="20220324 21:09:22.132"/>
</kw>
<status status="PASS" starttime="20220324 21:09:22.091" endtime="20220324 21:09:22.132"/>
</kw>
<kw name="Close Browser" library="SeleniumLibrary">
<doc>Closes the current browser.</doc>
<status status="PASS" starttime="20220324 21:09:22.133" endtime="20220324 21:09:22.379"/>
</kw>
<status status="PASS" starttime="20220324 21:09:00.982" endtime="20220324 21:09:22.379"/>
</test>
<doc>Todo List website</doc>
<status status="PASS" starttime="20220324 21:08:21.900" endtime="20220324 21:09:22.380"/>
</suite>
<statistics>
<total>
<stat pass="3" fail="0" skip="0">All Tests</stat>
</total>
<tag>
</tag>
<suite>
<stat pass="3" fail="0" skip="0" id="s1" name="Todo">Todo</stat>
</suite>
</statistics>
<errors>
</errors>
</robot>
